<?xml version="1.0" encoding="UTF-8"?>
<testng-results skipped="0" failed="0" ignored="0" total="1" passed="1">
  <reporter-output>
  </reporter-output>
  <suite name="Default suite" duration-ms="14744" started-at="2021-10-09T05:33:37Z" finished-at="2021-10-09T05:33:52Z">
    <groups>
    </groups>
    <test name="Default test" duration-ms="14744" started-at="2021-10-09T05:33:37Z" finished-at="2021-10-09T05:33:52Z">
      <class name="test.AddContactTest">
        <test-method status="PASS" signature="validUserShouldBeAbleToAddCustomer()[pri:0, instance:test.AddContactTest@45b9a632]" name="validUserShouldBeAbleToAddCustomer" duration-ms="14656" started-at="2021-10-09T05:33:38Z" finished-at="2021-10-09T05:33:52Z">
          <reporter-output>
          </reporter-output>
        </test-method> <!-- validUserShouldBeAbleToAddCustomer -->
      </class> <!-- test.AddContactTest -->
    </test> <!-- Default test -->
  </suite> <!-- Default suite -->
</testng-results>
